0 info it worked if it ends with ok
1 verbose cli [ '/Users/vince/.nvm-fish/v0.11.13/bin/node',
1 verbose cli   '/Users/vince/.nvm-fish/v0.11.13/bin/npm',
1 verbose cli   'publish' ]
2 info using npm@1.4.9
3 info using node@v0.11.13
4 verbose publish [ '.' ]
5 verbose cache add [ '.', null ]
6 verbose cache add name=undefined spec="." args=[".",null]
7 verbose parsed url { protocol: null,
7 verbose parsed url   slashes: null,
7 verbose parsed url   auth: null,
7 verbose parsed url   host: null,
7 verbose parsed url   port: null,
7 verbose parsed url   hostname: null,
7 verbose parsed url   hash: null,
7 verbose parsed url   search: null,
7 verbose parsed url   query: null,
7 verbose parsed url   pathname: '.',
7 verbose parsed url   path: '.',
7 verbose parsed url   href: '.' }
8 silly lockFile 3a52ce78- .
9 verbose lock . /Users/vince/.npm/3a52ce78-.lock
10 verbose tar pack [ '/var/folders/kr/129kd9qs0tsf93lvffm9wljm0000gn/T/npm-17466-fVL2pMux/1409847115395-0.2924231570214033/tmp.tgz',
10 verbose tar pack   '.' ]
11 verbose tarball /var/folders/kr/129kd9qs0tsf93lvffm9wljm0000gn/T/npm-17466-fVL2pMux/1409847115395-0.2924231570214033/tmp.tgz
12 verbose folder .
13 info prepublish SUITCSS-Ink@0.1.1
14 silly lockFile 1f1177db-tar tar://.
15 verbose lock tar://. /Users/vince/.npm/1f1177db-tar.lock
16 silly lockFile 7d336612-15395-0-2924231570214033-tmp-tgz tar:///var/folders/kr/129kd9qs0tsf93lvffm9wljm0000gn/T/npm-17466-fVL2pMux/1409847115395-0.2924231570214033/tmp.tgz
17 verbose lock tar:///var/folders/kr/129kd9qs0tsf93lvffm9wljm0000gn/T/npm-17466-fVL2pMux/1409847115395-0.2924231570214033/tmp.tgz /Users/vince/.npm/7d336612-15395-0-2924231570214033-tmp-tgz.lock
18 silly lockFile 1f1177db-tar tar://.
19 silly lockFile 1f1177db-tar tar://.
20 silly lockFile 7d336612-15395-0-2924231570214033-tmp-tgz tar:///var/folders/kr/129kd9qs0tsf93lvffm9wljm0000gn/T/npm-17466-fVL2pMux/1409847115395-0.2924231570214033/tmp.tgz
21 silly lockFile 7d336612-15395-0-2924231570214033-tmp-tgz tar:///var/folders/kr/129kd9qs0tsf93lvffm9wljm0000gn/T/npm-17466-fVL2pMux/1409847115395-0.2924231570214033/tmp.tgz
22 verbose tar unpack /var/folders/kr/129kd9qs0tsf93lvffm9wljm0000gn/T/npm-17466-fVL2pMux/1409847115395-0.2924231570214033/tmp.tgz
23 silly lockFile 3673d734-ce-npm-SUITCSS-Ink-0-1-1-package tar:///Users/vince/.npm/SUITCSS-Ink/0.1.1/package
24 verbose lock tar:///Users/vince/.npm/SUITCSS-Ink/0.1.1/package /Users/vince/.npm/3673d734-ce-npm-SUITCSS-Ink-0-1-1-package.lock
25 silly lockFile 7d336612-15395-0-2924231570214033-tmp-tgz tar:///var/folders/kr/129kd9qs0tsf93lvffm9wljm0000gn/T/npm-17466-fVL2pMux/1409847115395-0.2924231570214033/tmp.tgz
26 verbose lock tar:///var/folders/kr/129kd9qs0tsf93lvffm9wljm0000gn/T/npm-17466-fVL2pMux/1409847115395-0.2924231570214033/tmp.tgz /Users/vince/.npm/7d336612-15395-0-2924231570214033-tmp-tgz.lock
27 silly gunzTarPerm modes [ '755', '644' ]
28 silly gunzTarPerm extractEntry package.json
29 silly gunzTarPerm extractEntry README.md
30 silly gunzTarPerm extractEntry index.css
31 silly gunzTarPerm extractEntry lib/alignment.css
32 silly gunzTarPerm extractEntry lib/block-grid.css
33 silly gunzTarPerm extractEntry lib/button.css
34 silly gunzTarPerm extractEntry lib/grid.css
35 silly gunzTarPerm extractEntry lib/media-query.css
36 silly gunzTarPerm extractEntry lib/normalize.css
37 silly gunzTarPerm extractEntry lib/outlook-first.css
38 silly gunzTarPerm extractEntry lib/panel.css
39 silly gunzTarPerm extractEntry lib/type.css
40 silly lockFile 3673d734-ce-npm-SUITCSS-Ink-0-1-1-package tar:///Users/vince/.npm/SUITCSS-Ink/0.1.1/package
41 silly lockFile 3673d734-ce-npm-SUITCSS-Ink-0-1-1-package tar:///Users/vince/.npm/SUITCSS-Ink/0.1.1/package
42 silly lockFile 7d336612-15395-0-2924231570214033-tmp-tgz tar:///var/folders/kr/129kd9qs0tsf93lvffm9wljm0000gn/T/npm-17466-fVL2pMux/1409847115395-0.2924231570214033/tmp.tgz
43 silly lockFile 7d336612-15395-0-2924231570214033-tmp-tgz tar:///var/folders/kr/129kd9qs0tsf93lvffm9wljm0000gn/T/npm-17466-fVL2pMux/1409847115395-0.2924231570214033/tmp.tgz
44 silly lockFile 3a52ce78- .
45 silly lockFile 3a52ce78- .
46 silly publish { name: 'SUITCSS-Ink',
46 silly publish   version: '0.1.1',
46 silly publish   description: 'A port of Zurb\'s Ink email framework to SUITCSS\'s principals',
46 silly publish   style: 'index.css',
46 silly publish   files: [ 'index.css', 'lib' ],
46 silly publish   scripts: { test: 'echo "Error: no test specified" && exit 1' },
46 silly publish   repository: { type: 'git', url: 'https://github.com/VinSpee/sassy-ink.git' },
46 silly publish   keywords: [ 'suit', 'suitcss', 'ink', 'email' ],
46 silly publish   author: { name: 'Vince Speelman' },
46 silly publish   license: 'ISC',
46 silly publish   bugs: { url: 'https://github.com/VinSpee/sassy-ink/issues' },
46 silly publish   homepage: 'https://github.com/VinSpee/sassy-ink',
46 silly publish   readme: '# Sassy Ink\n\n> The *unofficial* Sass port of [Ink](http://zurb.com/ink), Zurb\'s responsive email framework. If you are going to build a responsive HTML email, treat yourself to the most customizable version of the leading framework, Sassy Ink.\n\nPlease let me know if you use Sassy Ink.\n\n## Why use Sassy Ink?\n\n1. Zurb\'s Ink is the leading responsive email framework. Sassy Ink provides 80 or so customizable variables. You can have it your way. \n1. It makes clients happy. Clients never want framework defaults. Sassy Ink makes it easy to customize container width, number of columns, gutter width, break point, colors, font sizes, font-families, margins, padding, etc... \n1. Pretty closely follows [Foundation](http://foundation.zurb.com/)\'s Sass structure and naming conventions. If you are familiar with Foundation (or even Bootstrap), you are familiar with Sassy Ink.\n1. You can easily verify that you are getting all the benefits of Ink because the generated CSS is as close to Zurb\'s original `ink.css` as possible. If you don\'t touch the default variables, the differences are trivial. In fact, the differences are an improvement.\n\n`diff -bB test/results/target.css  test/results/ink.css`\n\n\t489c488\n\t<   font-family: "Helvetica", "Arial", sans-serif;\n\t---\n\t>   font-family: Helvetica, Arial, sans-serif;\n\t683c682\n\t<   color: #fff !important;\n\t---\n\t>   color: #ffffff !important;\n\t715c714\n\t<   color: #555;\n\t---\n\t>   color: #555555;\n\t719c718\n\t<   color: #555;\n\t---\n\t>   color: #555555;\n\t724c723\n\t<   color: #555;\n\t---\n\t>   color: #555555;\n\t730c729\n\t<   color: #555 !important;\n\t---\n\t>   color: #555555 !important;\n\nIt is a great start for a simple Sass port. \n\n## Contributing\n\nThere is much left to do, so please feel free to pitch in.\n\n\n## _settings.scss\n\nYou will want to make changes to the settings file which includes 80 or so variables that can be customized for each component. Making changes is simple, in `_settings.scss` find the element you want to style. Find the variable, uncomment the style, and change its value. Be sure to compile Sass stylesheets to CSS in order see any changes.\n\n## Runtime Dependencies\n\nPer the `Gemfile`:\n\n\t**sass** <= 3.3.13 & >= 3.2.5\n\nAs of this writing, Sassy Ink is still compatible with [Compass](http://compass-style.org/) versions 0.12.2 through 1.0.1 (as long Sass is between version 3.2.5 and 3.3.13), [Koala](http://koala-app.com/) 2.0.3, and [CodeKit](https://incident57.com/codekit/) 2.1.3. It also appears to be compatible with [Scout](http://mhs.github.io/scout-app/) 0.7.1, even though Scout looks like it\'s using Sass 3.2.1. I haven\'t tested any others. Please let me know if you do.\n\nIt is **not** *necessarily* compatible with Sass >= 3.4 because assigning to global variables by default is deprecated. Using `!global` to fix this is incompatible with Sass < 3.3 and would break current versions of Koala and Scout; most versions of Compass less than 1.0.1 (August 18, 2014); and probably several other Sass compilers. Fortunately, the incompatibility is limited to the `export` mixin, which is used to prevent styles from being loaded multiple times for components that rely on other components. So, unless you are doing customization beyond setting variables in `_settings.scss`, this is not likely to be a problem. Yet, it seems worth mentioning.\n\n## Precision\n\nIn order to have the same number of significant digits as in the original Zurb `ink.css`, you must set the precision to 6. For example:\n\n\tsass --precision 6 scss/ink.scss css/ink.css\n\nIn the Compass `config.rb`:\n\t\n\tSass::Script::Number.precision = 6\n\nIn `Gruntfile.js`:\n\n\tgrunt.initConfig({\n\t  sass: {\n\t    dist: {\n\t      options: {\n\t        precision: 6\n\t      },\n\t      files: {\n\t        \'css/ink.css\': \'scss/ink.scss\'\n\t      }\n\t    }\n\t  }\n\t});\n\tgrunt.loadNpmTasks(\'grunt-contrib-sass\');\n\n## Testing\n\nThe only testing I am doing so far is comparing the Saas generated `ink.css` with a slightly massaged Zurb\'s `ink.css` version 1.0.5.\n\n### Massaging\n\n1. Run the CSS file through a Sass compiler to clean up some white space issues (`sass --precision 6  --style expanded test/fixtures/ink.css test/results/target.css`)\n1. Expand three character hex shorthands (`s/#(\\w|\\d)(\\w|\\d)(\\w|\\d)\\b/#$1$1$2$2$3$3/g`)\n1. Remove unnecessary quotes from fonts (`s/(?<=font.*:.*)("|\')(\\w+)\\1.*?;/$2/g`)\n1. Remove an annoying line-break difference (`s/(table\\[class="body"\\] td\\.offset\\-by\\-)(\\w+)\\s*?(,?\\s*)(?=\\1\\w+)/$1$2, /g`)\n\n### Diff\n\n`diff -bBs test/results/target.css test/results/ink.css`\n\n\tFiles test/results/target.css and test/results/ink.css are identical\n\n## To Do\n\n* I haven\'t yet figured out what to do with the docs, `CONTRIBUTING.md`, `Gruntfile.js`, `bower.json`, etc... \n\n## Credit\n\n* [ZURB](http://www.zurb.com) (obvious)\n* [René Meye](https://github.com/renemeye)\'s [pull request #61](https://github.com/zurb/ink/pull/61). (less obvious)\n\n### Ink\n\n\nInk is a responsive email framework, used to make HTML emails look great on any client or device.  It includes a 12-column grid, as well as some simple UI elements for rapid prototyping.\n\nHomepage:      http://zurb.com/ink<br />\nDocumentation: http://zurb.com/ink/docs.php<br />\nDownload:      http://zurb.com/ink/download.php\n\nInk was made by [ZURB](http://www.zurb.com), is MIT-licensed, and absolutely free to use.',
46 silly publish   readmeFilename: 'README.md',
46 silly publish   _id: 'SUITCSS-Ink@0.1.1',
46 silly publish   _shasum: '88171efbbda122269fbc710dda89614011ed4246',
46 silly publish   _from: '.' }
47 verbose url raw SUITCSS-Ink
48 verbose url resolving [ 'https://registry.npmjs.org/', './SUITCSS-Ink' ]
49 verbose url resolved https://registry.npmjs.org/SUITCSS-Ink
50 info trying registry request attempt 1 at 12:11:55
51 http PUT https://registry.npmjs.org/SUITCSS-Ink
52 http 403 https://registry.npmjs.org/SUITCSS-Ink
53 verbose headers { date: 'Thu, 04 Sep 2014 16:11:55 GMT',
53 verbose headers   server: 'CouchDB/1.5.0 (Erlang OTP/R14B04)',
53 verbose headers   'content-type': 'application/json',
53 verbose headers   'cache-control': 'max-age=60',
53 verbose headers   'content-length': '76',
53 verbose headers   'accept-ranges': 'bytes',
53 verbose headers   via: '1.1 varnish',
53 verbose headers   'x-served-by': 'cache-ord1724-ORD',
53 verbose headers   'x-cache': 'MISS',
53 verbose headers   'x-cache-hits': '0',
53 verbose headers   'x-timer': 'S1409847115.617265,VS0,VE236',
53 verbose headers   connection: 'close' }
54 error publish Failed PUT 403
55 error Error: forbidden New packages must have all-lowercase names: SUITCSS-Ink
55 error     at RegClient.<anonymous> (/Users/vince/.nvm-fish/v0.11.13/lib/node_modules/npm/node_modules/npm-registry-client/lib/request.js:273:14)
55 error     at Request._callback (/Users/vince/.nvm-fish/v0.11.13/lib/node_modules/npm/node_modules/npm-registry-client/lib/request.js:211:65)
55 error     at Request.self.callback (/Users/vince/.nvm-fish/v0.11.13/lib/node_modules/npm/node_modules/request/request.js:123:22)
55 error     at Request.EventEmitter.emit (events.js:110:17)
55 error     at Request.<anonymous> (/Users/vince/.nvm-fish/v0.11.13/lib/node_modules/npm/node_modules/request/request.js:893:14)
55 error     at Request.EventEmitter.emit (events.js:129:20)
55 error     at IncomingMessage.<anonymous> (/Users/vince/.nvm-fish/v0.11.13/lib/node_modules/npm/node_modules/request/request.js:844:12)
55 error     at IncomingMessage.EventEmitter.emit (events.js:129:20)
55 error     at _stream_readable.js:898:16
55 error     at process._tickCallback (node.js:343:11)
56 error If you need help, you may report this *entire* log,
56 error including the npm and node versions, at:
56 error     <http://github.com/npm/npm/issues>
57 error System Darwin 14.0.0
58 error command "/Users/vince/.nvm-fish/v0.11.13/bin/node" "/Users/vince/.nvm-fish/v0.11.13/bin/npm" "publish"
59 error cwd /Users/vince/Projects/Ink-SUIT
60 error node -v v0.11.13
61 error npm -v 1.4.9
62 verbose exit [ 1, true ]
